<?xml version="1.0" encoding="UTF-8"?>
<!-- Generated by org.testng.reporters.JUnitReportReporter -->
<testsuite skipped="1" hostname="HTPC" name="BDDGroupIID.BDDArtifactID.TestRunnerTestNG" tests="1" failures="0" timestamp="04 Nov 2018 22:32:56 GMT" time="0.566" errors="0">
  <testcase name="run_cukes" time="0.566" classname="BDDGroupIID.BDDArtifactID.TestRunnerTestNG">
    <skipped/>
  </testcase> <!-- run_cukes -->
</testsuite> <!-- BDDGroupIID.BDDArtifactID.TestRunnerTestNG -->
