<?xml version="1.0" encoding="UTF-8"?>
<!-- Generated by org.testng.reporters.JUnitReportReporter -->
<testsuite skipped="0" hostname="HTPC" name="testCases.LoginLogoutTest" tests="4" failures="0" timestamp="16 Nov 2018 00:58:04 GMT" time="13.761" errors="0">
  <testcase name="testingWithCorrectCredencials" time="5.388" classname="testCases.LoginLogoutTest"/>
  <testcase name="testingWithCorrectCredencials" time="4.624" classname="testCases.LoginLogoutTest"/>
  <testcase name="testingWithWrongCredencials" time="1.853" classname="testCases.LoginLogoutTest"/>
  <testcase name="testingWithWrongCredencials" time="1.896" classname="testCases.LoginLogoutTest"/>
</testsuite> <!-- testCases.LoginLogoutTest -->
