<?xml version="1.0" encoding="UTF-8"?>
<!-- Generated by org.testng.reporters.JUnitReportReporter -->
<testsuite hostname="LAPTOP-RO5NS03S" name="testNG.TestRegPageAllI" tests="2" failures="0" timestamp="6 Mar 2018 20:26:09 GMT" time="0.024" errors="0">
  <testcase name="f" time="0.010" classname="testNG.TestRegPageAllI"/>
  <testcase name="f" time="0.014" classname="testNG.TestRegPageAllI"/>
</testsuite> <!-- testNG.TestRegPageAllI -->
