<?xml version="1.0" encoding="UTF-8"?>
<!-- Generated by org.testng.reporters.JUnitReportReporter -->
<testsuite hostname="LAPTOP-RO5NS03S" name="grouping.TestGroup" tests="2" failures="0" timestamp="9 Mar 2018 18:27:54 GMT" time="0.002" errors="0">
  <testcase name="testConnectOracle" time="0.001" classname="grouping.TestGroup"/>
  <testcase name="testConnectMsSQL" time="0.001" classname="grouping.TestGroup"/>
</testsuite> <!-- grouping.TestGroup -->
