<?xml version="1.0" encoding="UTF-8"?>
<!-- Generated by org.testng.reporters.JUnitReportReporter -->
<testsuite hostname="LAPTOP-RO5NS03S" name="testNG.loginlogout" tests="2" failures="0" timestamp="17 Feb 2018 04:45:44 GMT" time="6.222" errors="0">
  <testcase name="testCorrectData" time="4.389" classname="testNG.loginlogout"/>
  <testcase name="testIncorrectData" time="1.833" classname="testNG.loginlogout"/>
</testsuite> <!-- testNG.loginlogout -->
