<?xml version="1.0" encoding="UTF-8"?>
<!-- Generated by org.testng.reporters.JUnitReportReporter -->
<testsuite hostname="LAPTOP-RO5NS03S" name="TestersGroupID.TestNGArtifactID.PassingParameter" tests="1" failures="0" timestamp="17 Feb 2018 04:45:44 GMT" time="0.001" errors="0">
  <testcase name="myTestCase" time="0.001" classname="TestersGroupID.TestNGArtifactID.PassingParameter"/>
</testsuite> <!-- TestersGroupID.TestNGArtifactID.PassingParameter -->
