<?xml version="1.0" encoding="UTF-8"?>
<!-- Generated by org.testng.reporters.JUnitReportReporter -->
<testsuite hostname="LAPTOP-RO5NS03S" name="TestersGroupID.TestNGArtifactID.UnderstandTestNGAnnotations" tests="8" failures="0" timestamp="9 Mar 2018 18:19:17 GMT" time="0.052" errors="0">
  <testcase name="CheckLoginWithCorrectCredencials" time="0.008" classname="TestersGroupID.TestNGArtifactID.UnderstandTestNGAnnotations"/>
  <testcase name="CheckLoginWithInCorrectCredencials" time="0.003" classname="TestersGroupID.TestNGArtifactID.UnderstandTestNGAnnotations"/>
  <testcase name="CheckLoginWithCorrectCredencials" time="0.002" classname="TestersGroupID.TestNGArtifactID.UnderstandTestNGAnnotations"/>
  <testcase name="CheckLoginWithInCorrectCredencials" time="0.002" classname="TestersGroupID.TestNGArtifactID.UnderstandTestNGAnnotations"/>
  <testcase name="CheckLoginWithInCorrectCredencials" time="0.004" classname="TestersGroupID.TestNGArtifactID.UnderstandTestNGAnnotations"/>
  <testcase name="CheckLoginWithCorrectCredencials" time="0.014" classname="TestersGroupID.TestNGArtifactID.UnderstandTestNGAnnotations"/>
  <testcase name="CheckLoginWithCorrectCredencials" time="0.017" classname="TestersGroupID.TestNGArtifactID.UnderstandTestNGAnnotations"/>
  <testcase name="CheckLoginWithInCorrectCredencials" time="0.002" classname="TestersGroupID.TestNGArtifactID.UnderstandTestNGAnnotations"/>
</testsuite> <!-- TestersGroupID.TestNGArtifactID.UnderstandTestNGAnnotations -->
