<?xml version="1.0" encoding="UTF-8"?>
<!-- Generated by org.testng.reporters.JUnitReportReporter -->
<testsuite hostname="LAPTOP-RO5NS03S" name="TestersGroupID.TestNGArtifactID.LoginTest" tests="7" failures="0" timestamp="9 Mar 2018 18:27:54 GMT" time="0.028" errors="0">
  <testcase name="loginTestWithWrongCredencials" time="0.002" classname="TestersGroupID.TestNGArtifactID.LoginTest"/>
  <testcase name="loginTestWithWrongCredencials" time="0.004" classname="TestersGroupID.TestNGArtifactID.LoginTest"/>
  <testcase name="loginTestWithCorrectCredencials" time="0.001" classname="TestersGroupID.TestNGArtifactID.LoginTest"/>
  <testcase name="loginTestWithCorrectCredencials" time="0.007" classname="TestersGroupID.TestNGArtifactID.LoginTest"/>
  <testcase name="loginTestWithCorrectCredencials" time="0.003" classname="TestersGroupID.TestNGArtifactID.LoginTest"/>
  <testcase name="loginTestWithWrongCredencials" time="0.002" classname="TestersGroupID.TestNGArtifactID.LoginTest"/>
  <testcase name="loginTestWithCorrectCredencials" time="0.009" classname="TestersGroupID.TestNGArtifactID.LoginTest"/>
</testsuite> <!-- TestersGroupID.TestNGArtifactID.LoginTest -->
