<?xml version="1.0" encoding="UTF-8"?>
<!-- Generated by org.testng.reporters.JUnitReportReporter -->
<testsuite skipped="0" hostname="HTPC" name="testNG.loginlogout" tests="2" failures="0" timestamp="10 Dec 2018 01:53:16 GMT" time="8.194" errors="0">
  <testcase name="testCorrectData" time="6.090" classname="testNG.loginlogout"/>
  <testcase name="testIncorrectData" time="2.104" classname="testNG.loginlogout"/>
</testsuite> <!-- testNG.loginlogout -->
