<?xml version="1.0" encoding="UTF-8"?>
<!-- Generated by org.testng.reporters.JUnitReportReporter -->
<testsuite hostname="LAPTOP-RO5NS03S" name="grouping.TestGroup" tests="5" failures="0" timestamp="17 Feb 2018 04:45:44 GMT" time="0.006" errors="0">
  <testcase name="runFinal" time="0.001" classname="grouping.TestGroup"/>
  <testcase name="testConnectMsSQL" time="0.001" classname="grouping.TestGroup"/>
  <testcase name="runSelenium" time="0.001" classname="grouping.TestGroup"/>
  <testcase name="runSelenium1" time="0.001" classname="grouping.TestGroup"/>
  <testcase name="testConnectOracle" time="0.002" classname="grouping.TestGroup"/>
</testsuite> <!-- grouping.TestGroup -->
