<?xml version="1.0" encoding="UTF-8"?>
<!-- Generated by org.testng.reporters.JUnitReportReporter -->
<testsuite skipped="0" hostname="HTPC" name="TestersGroupID.TestNGArtifactID.LoginTest" tests="2" failures="0" timestamp="10 Dec 2018 02:30:55 GMT" time="0.011" errors="0">
  <testcase name="loginTestWithCorrectCredencials" time="0.008" classname="TestersGroupID.TestNGArtifactID.LoginTest"/>
  <testcase name="loginTestWithWrongCredencials" time="0.003" classname="TestersGroupID.TestNGArtifactID.LoginTest"/>
</testsuite> <!-- TestersGroupID.TestNGArtifactID.LoginTest -->
