<?xml version="1.0" encoding="UTF-8"?>
<!-- Generated by org.testng.reporters.JUnitReportReporter -->
<testsuite hostname="LAPTOP-RO5NS03S" name="TestersGroupID.TestNGArtifactID.LoginTest" tests="2" failures="0" timestamp="17 Feb 2018 04:45:44 GMT" time="0.009" errors="0">
  <testcase name="loginTestWithCorrectCredencials" time="0.004" classname="TestersGroupID.TestNGArtifactID.LoginTest"/>
  <testcase name="loginTestWithWrongCredencials" time="0.005" classname="TestersGroupID.TestNGArtifactID.LoginTest"/>
</testsuite> <!-- TestersGroupID.TestNGArtifactID.LoginTest -->
