<?xml version="1.0" encoding="UTF-8"?>
<!-- Generated by org.testng.reporters.JUnitReportReporter -->
<testsuite hostname="LAPTOP-RO5NS03S" name="TestersGroupID.TestNGArtifactID.LoginTestWithDataProvider" tests="13" failures="0" timestamp="17 Feb 2018 04:45:44 GMT" time="0.105" errors="0">
  <testcase name="correctCredencials" time="0.003" classname="TestersGroupID.TestNGArtifactID.LoginTestWithDataProvider"/>
  <testcase name="wrongCredencials" time="0.009" classname="TestersGroupID.TestNGArtifactID.LoginTestWithDataProvider"/>
  <testcase name="wrongCredencials" time="0.004" classname="TestersGroupID.TestNGArtifactID.LoginTestWithDataProvider"/>
  <testcase name="correctCredencials" time="0.022" classname="TestersGroupID.TestNGArtifactID.LoginTestWithDataProvider"/>
  <testcase name="wrongCredencials" time="0.003" classname="TestersGroupID.TestNGArtifactID.LoginTestWithDataProvider"/>
  <testcase name="correctCredencials" time="0.003" classname="TestersGroupID.TestNGArtifactID.LoginTestWithDataProvider"/>
  <testcase name="checkRegistrationPage" time="0.016" classname="TestersGroupID.TestNGArtifactID.LoginTestWithDataProvider"/>
  <testcase name="correctCredencials" time="0.004" classname="TestersGroupID.TestNGArtifactID.LoginTestWithDataProvider"/>
  <testcase name="wrongCredencials" time="0.003" classname="TestersGroupID.TestNGArtifactID.LoginTestWithDataProvider"/>
  <testcase name="correctCredencials" time="0.020" classname="TestersGroupID.TestNGArtifactID.LoginTestWithDataProvider"/>
  <testcase name="wrongCredencials" time="0.012" classname="TestersGroupID.TestNGArtifactID.LoginTestWithDataProvider"/>
  <testcase name="correctCredencials" time="0.003" classname="TestersGroupID.TestNGArtifactID.LoginTestWithDataProvider"/>
  <testcase name="wrongCredencials" time="0.003" classname="TestersGroupID.TestNGArtifactID.LoginTestWithDataProvider"/>
</testsuite> <!-- TestersGroupID.TestNGArtifactID.LoginTestWithDataProvider -->
